4.8566 	WARNING 	We strongly recommend you activate the PTB sound engine in PsychoPy prefs as the preferred audio engine. Its timing is vastly superior. Your prefs are currently set to use ['sounddevice', 'PTB', 'pyo', 'pygame'] (in that order).
17.9104 	WARNING 	User requested fullscreen with size [1024  768], but screen is actually [1920, 1080]. Using actual size
19.4822 	EXP 	Created window1 = Window(allowGUI=True, allowStencil=False, autoLog=True, backendConf=UNKNOWN, bitsMode=UNKNOWN, blendMode='avg', bpc=(8, 8, 8), color=array([0, 0, 0]), colorSpace='rgb', depthBits=8, fullscr=<method-wrapper '__getattribute__' of attributeSetter object at 0x000002705158DE80>, gamma=None, gammaErrorPolicy='raise', lms=UNKNOWN, monitor=<psychopy.monitors.calibTools.Monitor object at 0x0000027054991250>, multiSample=False, name='window1', numSamples=2, pos=(0, 0), screen=0, size=array([1920, 1080]), stencilBits=0, stereo=False, units='height', useFBO=True, useRetina=False, viewOri=0.0, viewPos=None, viewScale=None, waitBlanking=True, winType='pyglet')
19.4825 	EXP 	window1: mouseVisible = True
19.4827 	EXP 	window1: mouseVisible = False
19.4828 	EXP 	window1: Attempting to measure frame rate of screen (0) ...
19.4828 	EXP 	window1: recordFrameIntervals = False
19.6469 	EXP 	window1: recordFrameIntervals = True
19.8306 	EXP 	Screen (0) actual frame rate measured at 60.07Hz
19.8307 	EXP 	window1: recordFrameIntervals = False
22.8141 	EXP 	Created fixation = ShapeStim(__class__=<class 'psychopy.visual.shape.ShapeStim'>, anchor=('center', 'center'), autoDraw=False, autoLog=True, closeShape=True, color=method-wrapper(...), colorSpace='rgb', contrast=None, depth=-1.0, fillColor=array([1, 1, 1]), fillColorSpace='rgb', fillRGB=array([1, 1, 1]), interpolate=True, lineColor=array([1., 1., 1.]), lineColorSpace='rgb', lineRGB=array([1, 1, 1]), lineWidth=1.0, name='fixation', opacity=1.0, ori=0.0, pos=array([0., 0.]), size=array([10., 10.]), units='pix', vertices=ndarray(...), win=Window(...), windingRule=None)
22.8318 	EXP 	Created grating = GratingStim(__class__=<class 'psychopy.visual.grating.GratingStim'>, anchor='center', autoDraw=False, autoLog=True, blendmode='avg', color=array([1., 1., 1.]), colorSpace='rgb', contrast=1.0, depth=-2.0, interpolate=True, mask='circle', maskParams=None, name='grating', opacity=1.0, ori=0.0, phase=array([0., 0.]), pos=array([0., 0.]), rgbPedestal=array([0., 0., 0.]), sf=array([5., 5.]), size=array([0.1, 0.1]), tex='sin', texRes=128.0, units='height', win=Window(...))
22.8443 	EXP 	Imported C:/Users/debol/Desktop/conditions.xlsx as conditions, 1 conditions, 5 params
23.1721 	EXP 	window1: recordFrameIntervals = False
23.1763 	EXP 	window1: recordFrameIntervals = False
24.1748 	EXP 	fixation: autoDraw = True
24.9385 	EXP 	grating: autoDraw = True
24.9385 	EXP 	grating: tex = 'sin'
25.1790 	EXP 	fixation: autoDraw = False
25.2457 	EXP 	grating: autoDraw = False
25.4630 	DATA 	Keypress: left
25.4700 	EXP 	window1: recordFrameIntervals = False
25.4789 	EXP 	fixation: autoDraw = False
25.4789 	EXP 	grating: autoDraw = False
25.4792 	EXP 	window1: recordFrameIntervals = False
26.4665 	EXP 	fixation: autoDraw = True
27.4790 	EXP 	fixation: autoDraw = False
27.4790 	EXP 	grating: autoDraw = True
27.4790 	EXP 	grating: tex = 'sin'
27.7788 	EXP 	grating: autoDraw = False
27.8496 	EXP 	window1: recordFrameIntervals = False
27.8517 	DATA 	Keypress: left
27.8623 	EXP 	fixation: autoDraw = False
27.8623 	EXP 	grating: autoDraw = False
27.8626 	EXP 	window1: recordFrameIntervals = False
28.8456 	EXP 	fixation: autoDraw = True
29.8453 	EXP 	fixation: autoDraw = False
29.8619 	EXP 	grating: autoDraw = True
29.8619 	EXP 	grating: tex = 'sin'
30.1618 	EXP 	grating: autoDraw = False
30.2161 	EXP 	window1: recordFrameIntervals = False
30.2183 	DATA 	Keypress: left
30.2287 	EXP 	fixation: autoDraw = False
30.2287 	EXP 	grating: autoDraw = False
30.2291 	EXP 	window1: recordFrameIntervals = False
31.2087 	EXP 	fixation: autoDraw = True
32.2114 	EXP 	fixation: autoDraw = False
32.2282 	EXP 	grating: autoDraw = True
32.2282 	EXP 	grating: tex = 'sin'
32.5282 	EXP 	grating: autoDraw = False
32.6151 	DATA 	Keypress: left
32.6323 	EXP 	window1: recordFrameIntervals = False
32.6449 	EXP 	fixation: autoDraw = False
32.6449 	EXP 	grating: autoDraw = False
32.6453 	EXP 	window1: recordFrameIntervals = False
33.6244 	EXP 	fixation: autoDraw = True
34.6279 	EXP 	fixation: autoDraw = False
34.6446 	EXP 	grating: autoDraw = True
34.6446 	EXP 	grating: tex = 'sin'
34.9443 	EXP 	grating: autoDraw = False
34.9823 	EXP 	window1: recordFrameIntervals = False
34.9843 	DATA 	Keypress: right
34.9945 	EXP 	fixation: autoDraw = False
34.9945 	EXP 	grating: autoDraw = False
34.9949 	EXP 	window1: recordFrameIntervals = False
35.9737 	EXP 	fixation: autoDraw = True
36.9775 	EXP 	fixation: autoDraw = False
37.0052 	EXP 	grating: autoDraw = True
37.0052 	EXP 	grating: tex = 'sin'
37.2985 	EXP 	window1: recordFrameIntervals = False
37.3005 	DATA 	Keypress: right
37.3108 	EXP 	grating: autoDraw = False
37.3108 	EXP 	fixation: autoDraw = False
37.3108 	EXP 	grating: autoDraw = False
37.3112 	EXP 	window1: recordFrameIntervals = False
38.2918 	EXP 	fixation: autoDraw = True
39.2939 	EXP 	fixation: autoDraw = False
39.3108 	EXP 	grating: autoDraw = True
39.3108 	EXP 	grating: tex = 'sin'
39.6105 	EXP 	grating: autoDraw = False
39.7148 	EXP 	window1: recordFrameIntervals = False
39.7171 	DATA 	Keypress: left
39.7272 	EXP 	fixation: autoDraw = False
39.7272 	EXP 	grating: autoDraw = False
39.7276 	EXP 	window1: recordFrameIntervals = False
40.7070 	EXP 	fixation: autoDraw = True
41.7102 	EXP 	fixation: autoDraw = False
41.7274 	EXP 	grating: autoDraw = True
41.7274 	EXP 	grating: tex = 'sin'
42.0270 	EXP 	grating: autoDraw = False
42.0645 	EXP 	window1: recordFrameIntervals = False
42.0666 	DATA 	Keypress: left
42.0767 	EXP 	fixation: autoDraw = False
42.0767 	EXP 	grating: autoDraw = False
42.0771 	EXP 	window1: recordFrameIntervals = False
43.0575 	EXP 	fixation: autoDraw = True
44.0601 	EXP 	fixation: autoDraw = False
44.0769 	EXP 	grating: autoDraw = True
44.0769 	EXP 	grating: tex = 'sin'
44.3767 	EXP 	grating: autoDraw = False
44.4307 	EXP 	window1: recordFrameIntervals = False
44.4329 	DATA 	Keypress: left
44.4432 	EXP 	fixation: autoDraw = False
44.4432 	EXP 	grating: autoDraw = False
44.4436 	EXP 	window1: recordFrameIntervals = False
45.4230 	EXP 	fixation: autoDraw = True
46.4266 	EXP 	fixation: autoDraw = False
46.4433 	EXP 	grating: autoDraw = True
46.4433 	EXP 	grating: tex = 'sin'
46.7429 	EXP 	grating: autoDraw = False
46.7968 	EXP 	window1: recordFrameIntervals = False
46.7989 	DATA 	Keypress: left
46.8095 	EXP 	fixation: autoDraw = False
46.8095 	EXP 	grating: autoDraw = False
46.8098 	EXP 	window1: recordFrameIntervals = False
47.7894 	EXP 	fixation: autoDraw = True
48.7926 	EXP 	fixation: autoDraw = False
48.8095 	EXP 	grating: autoDraw = True
48.8095 	EXP 	grating: tex = 'sin'
49.1093 	EXP 	grating: autoDraw = False
49.2957 	DATA 	Keypress: right
49.3031 	EXP 	window1: recordFrameIntervals = False
49.3091 	EXP 	fixation: autoDraw = False
49.3091 	EXP 	grating: autoDraw = False
49.3096 	EXP 	window1: recordFrameIntervals = False
50.2963 	EXP 	fixation: autoDraw = True
51.3090 	EXP 	fixation: autoDraw = False
51.3090 	EXP 	grating: autoDraw = True
51.3090 	EXP 	grating: tex = 'sin'
51.6088 	EXP 	grating: autoDraw = False
51.6289 	EXP 	window1: recordFrameIntervals = False
51.6310 	DATA 	Keypress: left
51.6422 	EXP 	fixation: autoDraw = False
51.6422 	EXP 	grating: autoDraw = False
51.6425 	EXP 	window1: recordFrameIntervals = False
52.6225 	EXP 	fixation: autoDraw = True
53.6254 	EXP 	fixation: autoDraw = False
53.6423 	EXP 	grating: autoDraw = True
53.6423 	EXP 	grating: tex = 'sin'
53.9420 	EXP 	grating: autoDraw = False
54.0627 	EXP 	window1: recordFrameIntervals = False
54.0650 	DATA 	Keypress: right
54.0753 	EXP 	fixation: autoDraw = False
54.0753 	EXP 	grating: autoDraw = False
54.0757 	EXP 	window1: recordFrameIntervals = False
55.0602 	EXP 	fixation: autoDraw = True
56.0754 	EXP 	fixation: autoDraw = False
56.0754 	EXP 	grating: autoDraw = True
56.0754 	EXP 	grating: tex = 'sin'
56.3750 	EXP 	grating: autoDraw = False
56.4627 	EXP 	window1: recordFrameIntervals = False
56.4649 	DATA 	Keypress: right
56.4751 	EXP 	fixation: autoDraw = False
56.4751 	EXP 	grating: autoDraw = False
56.4754 	EXP 	window1: recordFrameIntervals = False
57.4583 	EXP 	fixation: autoDraw = True
58.4580 	EXP 	fixation: autoDraw = False
58.4749 	EXP 	grating: autoDraw = True
58.4749 	EXP 	grating: tex = 'sin'
58.7747 	EXP 	grating: autoDraw = False
58.9457 	EXP 	window1: recordFrameIntervals = False
58.9479 	DATA 	Keypress: left
58.9580 	EXP 	fixation: autoDraw = False
58.9580 	EXP 	grating: autoDraw = False
58.9583 	EXP 	window1: recordFrameIntervals = False
59.9402 	EXP 	fixation: autoDraw = True
60.9407 	EXP 	fixation: autoDraw = False
60.9578 	EXP 	grating: autoDraw = True
60.9578 	EXP 	grating: tex = 'sin'
61.2574 	EXP 	grating: autoDraw = False
61.3554 	DATA 	Keypress: left
61.3632 	EXP 	window1: recordFrameIntervals = False
61.3744 	EXP 	fixation: autoDraw = False
61.3744 	EXP 	grating: autoDraw = False
61.3748 	EXP 	window1: recordFrameIntervals = False
62.3552 	EXP 	fixation: autoDraw = True
63.3574 	EXP 	fixation: autoDraw = False
63.3745 	EXP 	grating: autoDraw = True
63.3745 	EXP 	grating: tex = 'sin'
63.6741 	EXP 	grating: autoDraw = False
63.7782 	EXP 	window1: recordFrameIntervals = False
63.7804 	DATA 	Keypress: right
63.7909 	EXP 	fixation: autoDraw = False
63.7909 	EXP 	grating: autoDraw = False
63.7912 	EXP 	window1: recordFrameIntervals = False
64.7709 	EXP 	fixation: autoDraw = True
65.7737 	EXP 	fixation: autoDraw = False
65.7905 	EXP 	grating: autoDraw = True
65.7905 	EXP 	grating: tex = 'sin'
66.0904 	EXP 	grating: autoDraw = False
66.1779 	EXP 	window1: recordFrameIntervals = False
66.1802 	DATA 	Keypress: right
66.1903 	EXP 	fixation: autoDraw = False
66.1903 	EXP 	grating: autoDraw = False
66.1907 	EXP 	window1: recordFrameIntervals = False
67.1704 	EXP 	fixation: autoDraw = True
68.1736 	EXP 	fixation: autoDraw = False
68.1905 	EXP 	grating: autoDraw = True
68.1905 	EXP 	grating: tex = 'sin'
68.4901 	EXP 	grating: autoDraw = False
68.5615 	EXP 	window1: recordFrameIntervals = False
68.5637 	DATA 	Keypress: right
68.5735 	EXP 	fixation: autoDraw = False
68.5735 	EXP 	grating: autoDraw = False
68.5739 	EXP 	window1: recordFrameIntervals = False
69.5539 	EXP 	fixation: autoDraw = True
70.5564 	EXP 	fixation: autoDraw = False
70.5733 	EXP 	grating: autoDraw = True
70.5733 	EXP 	grating: tex = 'sin'
70.8731 	EXP 	grating: autoDraw = False
71.0308 	EXP 	window1: recordFrameIntervals = False
71.0345 	DATA 	Keypress: left
71.0398 	EXP 	fixation: autoDraw = False
71.0398 	EXP 	grating: autoDraw = False
71.0401 	EXP 	window1: recordFrameIntervals = False
72.0252 	EXP 	fixation: autoDraw = True
73.0397 	EXP 	fixation: autoDraw = False
73.0397 	EXP 	grating: autoDraw = True
73.0397 	EXP 	grating: tex = 'sin'
73.3395 	EXP 	grating: autoDraw = False
73.3431 	DATA 	Keypress: right
73.3602 	EXP 	window1: recordFrameIntervals = False
73.3729 	EXP 	fixation: autoDraw = False
73.3729 	EXP 	grating: autoDraw = False
73.3733 	EXP 	window1: recordFrameIntervals = False
74.3527 	EXP 	fixation: autoDraw = True
75.3561 	EXP 	fixation: autoDraw = False
75.3728 	EXP 	grating: autoDraw = True
75.3728 	EXP 	grating: tex = 'sin'
75.6725 	EXP 	grating: autoDraw = False
75.7269 	EXP 	window1: recordFrameIntervals = False
75.7291 	DATA 	Keypress: right
75.7392 	EXP 	fixation: autoDraw = False
75.7392 	EXP 	grating: autoDraw = False
75.7396 	EXP 	window1: recordFrameIntervals = False
76.7196 	EXP 	fixation: autoDraw = True
77.7223 	EXP 	fixation: autoDraw = False
77.7392 	EXP 	grating: autoDraw = True
77.7392 	EXP 	grating: tex = 'sin'
78.0388 	EXP 	grating: autoDraw = False
78.0765 	EXP 	window1: recordFrameIntervals = False
78.0787 	DATA 	Keypress: left
78.0889 	EXP 	fixation: autoDraw = False
78.0889 	EXP 	grating: autoDraw = False
78.0893 	EXP 	window1: recordFrameIntervals = False
79.0692 	EXP 	fixation: autoDraw = True
80.0719 	EXP 	fixation: autoDraw = False
80.0890 	EXP 	grating: autoDraw = True
80.0890 	EXP 	grating: tex = 'sin'
80.3886 	EXP 	grating: autoDraw = False
80.5099 	EXP 	window1: recordFrameIntervals = False
80.5122 	DATA 	Keypress: left
80.5219 	EXP 	fixation: autoDraw = False
80.5219 	EXP 	grating: autoDraw = False
80.5223 	EXP 	window1: recordFrameIntervals = False
81.5016 	EXP 	fixation: autoDraw = True
82.5046 	EXP 	fixation: autoDraw = False
82.5221 	EXP 	grating: autoDraw = True
82.5221 	EXP 	grating: tex = 'sin'
82.8213 	EXP 	grating: autoDraw = False
82.8917 	EXP 	window1: recordFrameIntervals = False
82.8937 	DATA 	Keypress: right
82.9046 	EXP 	fixation: autoDraw = False
82.9046 	EXP 	grating: autoDraw = False
82.9050 	EXP 	window1: recordFrameIntervals = False
83.8893 	EXP 	fixation: autoDraw = True
84.9061 	EXP 	fixation: autoDraw = False
84.9061 	EXP 	grating: autoDraw = True
84.9061 	EXP 	grating: tex = 'sin'
85.2214 	EXP 	grating: autoDraw = False
85.3421 	EXP 	window1: recordFrameIntervals = False
85.3446 	DATA 	Keypress: right
85.3546 	EXP 	fixation: autoDraw = False
85.3546 	EXP 	grating: autoDraw = False
85.3549 	EXP 	window1: recordFrameIntervals = False
86.3340 	EXP 	fixation: autoDraw = True
87.3377 	EXP 	fixation: autoDraw = False
87.3546 	EXP 	grating: autoDraw = True
87.3546 	EXP 	grating: tex = 'sin'
87.6543 	EXP 	grating: autoDraw = False
87.7413 	DATA 	Keypress: left
87.7585 	EXP 	window1: recordFrameIntervals = False
87.7720 	EXP 	fixation: autoDraw = False
87.7720 	EXP 	grating: autoDraw = False
87.7725 	EXP 	window1: recordFrameIntervals = False
88.7506 	EXP 	fixation: autoDraw = True
89.7540 	EXP 	fixation: autoDraw = False
89.7707 	EXP 	grating: autoDraw = True
89.7707 	EXP 	grating: tex = 'sin'
90.0705 	EXP 	grating: autoDraw = False
90.1748 	EXP 	window1: recordFrameIntervals = False
90.1769 	DATA 	Keypress: right
90.1874 	EXP 	fixation: autoDraw = False
90.1874 	EXP 	grating: autoDraw = False
90.1878 	EXP 	window1: recordFrameIntervals = False
90.9610 	DATA 	Keypress: left
91.1691 	EXP 	fixation: autoDraw = True
92.1704 	EXP 	fixation: autoDraw = False
92.1874 	EXP 	grating: autoDraw = True
92.1874 	EXP 	grating: tex = 'sin'
92.4869 	EXP 	grating: autoDraw = False
92.5247 	EXP 	window1: recordFrameIntervals = False
92.5269 	DATA 	Keypress: right
92.5371 	EXP 	fixation: autoDraw = False
92.5371 	EXP 	grating: autoDraw = False
92.5374 	EXP 	window1: recordFrameIntervals = False
93.5161 	EXP 	fixation: autoDraw = True
94.5199 	EXP 	fixation: autoDraw = False
94.5371 	EXP 	grating: autoDraw = True
94.5371 	EXP 	grating: tex = 'sin'
94.8366 	EXP 	grating: autoDraw = False
94.9574 	EXP 	window1: recordFrameIntervals = False
94.9595 	DATA 	Keypress: right
94.9699 	EXP 	fixation: autoDraw = False
94.9699 	EXP 	grating: autoDraw = False
94.9702 	EXP 	window1: recordFrameIntervals = False
95.9504 	EXP 	fixation: autoDraw = True
96.9530 	EXP 	fixation: autoDraw = False
96.9701 	EXP 	grating: autoDraw = True
96.9701 	EXP 	grating: tex = 'sin'
97.2695 	EXP 	grating: autoDraw = False
97.2904 	DATA 	Keypress: right
97.3065 	EXP 	window1: recordFrameIntervals = False
97.3196 	EXP 	fixation: autoDraw = False
97.3196 	EXP 	grating: autoDraw = False
97.3200 	EXP 	window1: recordFrameIntervals = False
98.2982 	EXP 	fixation: autoDraw = True
99.3026 	EXP 	fixation: autoDraw = False
99.3197 	EXP 	grating: autoDraw = True
99.3197 	EXP 	grating: tex = 'sin'
99.6194 	EXP 	grating: autoDraw = False
99.7237 	EXP 	window1: recordFrameIntervals = False
99.7257 	DATA 	Keypress: left
99.7360 	EXP 	fixation: autoDraw = False
99.7360 	EXP 	grating: autoDraw = False
99.7364 	EXP 	window1: recordFrameIntervals = False
100.7181 	EXP 	fixation: autoDraw = True
101.7187 	EXP 	fixation: autoDraw = False
101.7356 	EXP 	grating: autoDraw = True
101.7356 	EXP 	grating: tex = 'sin'
102.0358 	EXP 	grating: autoDraw = False
102.1242 	EXP 	window1: recordFrameIntervals = False
102.1262 	DATA 	Keypress: left
102.1357 	EXP 	fixation: autoDraw = False
102.1357 	EXP 	grating: autoDraw = False
102.1361 	EXP 	window1: recordFrameIntervals = False
103.1170 	EXP 	fixation: autoDraw = True
104.1188 	EXP 	fixation: autoDraw = False
104.1357 	EXP 	grating: autoDraw = True
104.1357 	EXP 	grating: tex = 'sin'
104.4353 	EXP 	grating: autoDraw = False
104.4891 	EXP 	window1: recordFrameIntervals = False
104.4910 	DATA 	Keypress: right
104.5021 	EXP 	fixation: autoDraw = False
104.5021 	EXP 	grating: autoDraw = False
104.5025 	EXP 	window1: recordFrameIntervals = False
105.4842 	EXP 	fixation: autoDraw = True
106.4852 	EXP 	fixation: autoDraw = False
106.5021 	EXP 	grating: autoDraw = True
106.5021 	EXP 	grating: tex = 'sin'
106.8020 	EXP 	grating: autoDraw = False
106.8454 	DATA 	Keypress: left
106.8563 	EXP 	window1: recordFrameIntervals = False
106.8685 	EXP 	fixation: autoDraw = False
106.8685 	EXP 	grating: autoDraw = False
106.8689 	EXP 	window1: recordFrameIntervals = False
107.8505 	EXP 	fixation: autoDraw = True
108.8516 	EXP 	fixation: autoDraw = False
108.8684 	EXP 	grating: autoDraw = True
108.8684 	EXP 	grating: tex = 'sin'
109.1681 	EXP 	grating: autoDraw = False
109.3224 	EXP 	window1: recordFrameIntervals = False
109.3246 	DATA 	Keypress: left
109.3349 	EXP 	fixation: autoDraw = False
109.3349 	EXP 	grating: autoDraw = False
109.3353 	EXP 	window1: recordFrameIntervals = False
110.3162 	EXP 	fixation: autoDraw = True
111.3181 	EXP 	fixation: autoDraw = False
111.3347 	EXP 	grating: autoDraw = True
111.3347 	EXP 	grating: tex = 'sin'
111.6348 	EXP 	grating: autoDraw = False
111.6889 	EXP 	window1: recordFrameIntervals = False
111.6912 	DATA 	Keypress: right
111.7012 	EXP 	fixation: autoDraw = False
111.7012 	EXP 	grating: autoDraw = False
111.7015 	EXP 	window1: recordFrameIntervals = False
112.6814 	EXP 	fixation: autoDraw = True
113.6843 	EXP 	fixation: autoDraw = False
113.7013 	EXP 	grating: autoDraw = True
113.7013 	EXP 	grating: tex = 'sin'
114.0009 	EXP 	grating: autoDraw = False
114.0216 	EXP 	window1: recordFrameIntervals = False
114.0238 	DATA 	Keypress: right
114.0343 	EXP 	fixation: autoDraw = False
114.0343 	EXP 	grating: autoDraw = False
114.0346 	EXP 	window1: recordFrameIntervals = False
115.0150 	EXP 	fixation: autoDraw = True
116.0175 	EXP 	fixation: autoDraw = False
116.0343 	EXP 	grating: autoDraw = True
116.0343 	EXP 	grating: tex = 'sin'
116.3340 	EXP 	grating: autoDraw = False
116.5554 	EXP 	window1: recordFrameIntervals = False
116.5577 	DATA 	Keypress: left
116.5670 	EXP 	fixation: autoDraw = False
116.5670 	EXP 	grating: autoDraw = False
116.5674 	EXP 	window1: recordFrameIntervals = False
117.5542 	EXP 	fixation: autoDraw = True
118.5670 	EXP 	fixation: autoDraw = False
118.5670 	EXP 	grating: autoDraw = True
118.5670 	EXP 	grating: tex = 'sin'
118.8668 	EXP 	grating: autoDraw = False
118.9709 	EXP 	window1: recordFrameIntervals = False
118.9731 	DATA 	Keypress: left
118.9836 	EXP 	fixation: autoDraw = False
118.9836 	EXP 	grating: autoDraw = False
118.9839 	EXP 	window1: recordFrameIntervals = False
119.9651 	EXP 	fixation: autoDraw = True
120.9668 	EXP 	fixation: autoDraw = False
120.9835 	EXP 	grating: autoDraw = True
120.9835 	EXP 	grating: tex = 'sin'
121.2834 	EXP 	grating: autoDraw = False
121.4528 	EXP 	window1: recordFrameIntervals = False
121.4541 	DATA 	Keypress: right
121.4661 	EXP 	fixation: autoDraw = False
121.4661 	EXP 	grating: autoDraw = False
121.4664 	EXP 	window1: recordFrameIntervals = False
122.4462 	EXP 	fixation: autoDraw = True
123.4491 	EXP 	fixation: autoDraw = False
123.4659 	EXP 	grating: autoDraw = True
123.4659 	EXP 	grating: tex = 'sin'
123.7663 	EXP 	grating: autoDraw = False
123.9037 	EXP 	window1: recordFrameIntervals = False
123.9076 	DATA 	Keypress: left
123.9164 	EXP 	fixation: autoDraw = False
123.9164 	EXP 	grating: autoDraw = False
123.9168 	EXP 	window1: recordFrameIntervals = False
124.8967 	EXP 	fixation: autoDraw = True
125.8995 	EXP 	fixation: autoDraw = False
125.8995 	EXP 	grating: autoDraw = True
125.8995 	EXP 	grating: tex = 'sin'
126.1992 	EXP 	grating: autoDraw = False
126.2712 	EXP 	window1: recordFrameIntervals = False
126.2741 	DATA 	Keypress: right
126.2826 	EXP 	fixation: autoDraw = False
126.2826 	EXP 	grating: autoDraw = False
126.2832 	EXP 	window1: recordFrameIntervals = False
127.2640 	EXP 	fixation: autoDraw = True
128.2657 	EXP 	fixation: autoDraw = False
128.2827 	EXP 	grating: autoDraw = True
128.2827 	EXP 	grating: tex = 'sin'
128.5824 	EXP 	grating: autoDraw = False
128.6703 	EXP 	window1: recordFrameIntervals = False
128.6726 	DATA 	Keypress: right
128.6822 	EXP 	fixation: autoDraw = False
128.6822 	EXP 	grating: autoDraw = False
128.6827 	EXP 	window1: recordFrameIntervals = False
129.6642 	EXP 	fixation: autoDraw = True
130.6653 	EXP 	fixation: autoDraw = False
130.6823 	EXP 	grating: autoDraw = True
130.6823 	EXP 	grating: tex = 'sin'
130.9819 	EXP 	grating: autoDraw = False
131.0201 	DATA 	Keypress: right
131.0360 	EXP 	window1: recordFrameIntervals = False
131.0487 	EXP 	fixation: autoDraw = False
131.0487 	EXP 	grating: autoDraw = False
131.0490 	EXP 	window1: recordFrameIntervals = False
132.0296 	EXP 	fixation: autoDraw = True
133.0321 	EXP 	fixation: autoDraw = False
133.0487 	EXP 	grating: autoDraw = True
133.0487 	EXP 	grating: tex = 'sin'
133.3484 	EXP 	grating: autoDraw = False
133.5170 	DATA 	Keypress: left
133.5338 	EXP 	window1: recordFrameIntervals = False
133.5480 	EXP 	fixation: autoDraw = False
133.5480 	EXP 	grating: autoDraw = False
133.5482 	EXP 	window1: recordFrameIntervals = False
134.5280 	EXP 	fixation: autoDraw = True
135.5315 	EXP 	fixation: autoDraw = False
135.5485 	EXP 	grating: autoDraw = True
135.5485 	EXP 	grating: tex = 'sin'
135.8481 	EXP 	grating: autoDraw = False
135.9524 	DATA 	Keypress: left
135.9692 	EXP 	window1: recordFrameIntervals = False
135.9816 	EXP 	fixation: autoDraw = False
135.9816 	EXP 	grating: autoDraw = False
135.9820 	EXP 	window1: recordFrameIntervals = False
136.9617 	EXP 	fixation: autoDraw = True
137.9642 	EXP 	fixation: autoDraw = False
137.9811 	EXP 	grating: autoDraw = True
137.9811 	EXP 	grating: tex = 'sin'
138.2807 	EXP 	grating: autoDraw = False
138.3660 	EXP 	window1: recordFrameIntervals = False
138.3669 	DATA 	Keypress: right
138.3807 	EXP 	fixation: autoDraw = False
138.3807 	EXP 	grating: autoDraw = False
138.3809 	EXP 	window1: recordFrameIntervals = False
139.3592 	EXP 	fixation: autoDraw = True
140.3642 	EXP 	fixation: autoDraw = False
140.3811 	EXP 	grating: autoDraw = True
140.3811 	EXP 	grating: tex = 'sin'
140.6807 	EXP 	grating: autoDraw = False
140.9466 	EXP 	window1: recordFrameIntervals = False
140.9475 	DATA 	Keypress: left
140.9503 	EXP 	fixation: autoDraw = False
140.9503 	EXP 	grating: autoDraw = False
140.9505 	EXP 	window1: recordFrameIntervals = False
141.9386 	EXP 	fixation: autoDraw = True
142.9474 	EXP 	fixation: autoDraw = False
142.9474 	EXP 	grating: autoDraw = True
142.9474 	EXP 	grating: tex = 'sin'
143.2471 	EXP 	grating: autoDraw = False
143.3008 	EXP 	window1: recordFrameIntervals = False
143.3034 	DATA 	Keypress: left
143.3137 	EXP 	fixation: autoDraw = False
143.3137 	EXP 	grating: autoDraw = False
143.3141 	EXP 	window1: recordFrameIntervals = False
144.2941 	EXP 	fixation: autoDraw = True
145.2970 	EXP 	fixation: autoDraw = False
145.3137 	EXP 	grating: autoDraw = True
145.3137 	EXP 	grating: tex = 'sin'
145.6134 	EXP 	grating: autoDraw = False
145.6843 	DATA 	Keypress: left
145.7009 	EXP 	window1: recordFrameIntervals = False
145.7134 	EXP 	fixation: autoDraw = False
145.7134 	EXP 	grating: autoDraw = False
145.7138 	EXP 	window1: recordFrameIntervals = False
146.6936 	EXP 	fixation: autoDraw = True
147.6967 	EXP 	fixation: autoDraw = False
147.7135 	EXP 	grating: autoDraw = True
147.7135 	EXP 	grating: tex = 'sin'
148.0132 	EXP 	grating: autoDraw = False
148.1174 	EXP 	window1: recordFrameIntervals = False
148.1193 	DATA 	Keypress: left
148.1300 	EXP 	fixation: autoDraw = False
148.1300 	EXP 	grating: autoDraw = False
148.1303 	EXP 	window1: recordFrameIntervals = False
149.1119 	EXP 	fixation: autoDraw = True
150.1128 	EXP 	fixation: autoDraw = False
150.1297 	EXP 	grating: autoDraw = True
150.1297 	EXP 	grating: tex = 'sin'
150.4295 	EXP 	grating: autoDraw = False
150.5835 	EXP 	window1: recordFrameIntervals = False
150.5857 	DATA 	Keypress: right
150.5961 	EXP 	fixation: autoDraw = False
150.5961 	EXP 	grating: autoDraw = False
150.5966 	EXP 	window1: recordFrameIntervals = False
151.5785 	EXP 	fixation: autoDraw = True
152.5790 	EXP 	fixation: autoDraw = False
152.5962 	EXP 	grating: autoDraw = True
152.5962 	EXP 	grating: tex = 'sin'
152.8958 	EXP 	grating: autoDraw = False
152.9668 	EXP 	window1: recordFrameIntervals = False
152.9689 	DATA 	Keypress: left
152.9792 	EXP 	fixation: autoDraw = False
152.9792 	EXP 	grating: autoDraw = False
152.9796 	EXP 	window1: recordFrameIntervals = False
153.9640 	EXP 	fixation: autoDraw = True
154.9791 	EXP 	fixation: autoDraw = False
154.9791 	EXP 	grating: autoDraw = True
154.9791 	EXP 	grating: tex = 'sin'
155.2788 	EXP 	grating: autoDraw = False
155.4691 	EXP 	window1: recordFrameIntervals = False
155.4710 	DATA 	Keypress: right
155.4789 	EXP 	fixation: autoDraw = False
155.4789 	EXP 	grating: autoDraw = False
155.4792 	EXP 	window1: recordFrameIntervals = False
156.4638 	EXP 	fixation: autoDraw = True
157.4789 	EXP 	fixation: autoDraw = False
157.4789 	EXP 	grating: autoDraw = True
157.4789 	EXP 	grating: tex = 'sin'
157.7786 	EXP 	grating: autoDraw = False
157.8653 	DATA 	Keypress: right
157.8823 	EXP 	window1: recordFrameIntervals = False
157.8953 	EXP 	fixation: autoDraw = False
157.8953 	EXP 	grating: autoDraw = False
157.8956 	EXP 	window1: recordFrameIntervals = False
158.8752 	EXP 	fixation: autoDraw = True
159.8783 	EXP 	fixation: autoDraw = False
159.8953 	EXP 	grating: autoDraw = True
159.8953 	EXP 	grating: tex = 'sin'
160.1952 	EXP 	grating: autoDraw = False
160.3154 	EXP 	window1: recordFrameIntervals = False
160.3176 	DATA 	Keypress: left
160.3282 	EXP 	fixation: autoDraw = False
160.3282 	EXP 	grating: autoDraw = False
160.3287 	EXP 	window1: recordFrameIntervals = False
161.3104 	EXP 	fixation: autoDraw = True
162.3113 	EXP 	fixation: autoDraw = False
162.3282 	EXP 	grating: autoDraw = True
162.3282 	EXP 	grating: tex = 'sin'
162.6279 	EXP 	grating: autoDraw = False
162.8155 	EXP 	window1: recordFrameIntervals = False
162.8175 	DATA 	Keypress: left
162.8279 	EXP 	fixation: autoDraw = False
162.8279 	EXP 	grating: autoDraw = False
162.8283 	EXP 	window1: recordFrameIntervals = False
163.8074 	EXP 	fixation: autoDraw = True
164.8109 	EXP 	fixation: autoDraw = False
164.8279 	EXP 	grating: autoDraw = True
164.8279 	EXP 	grating: tex = 'sin'
165.1277 	EXP 	grating: autoDraw = False
165.1650 	EXP 	window1: recordFrameIntervals = False
165.1671 	DATA 	Keypress: right
165.1775 	EXP 	fixation: autoDraw = False
165.1775 	EXP 	grating: autoDraw = False
165.1780 	EXP 	window1: recordFrameIntervals = False
166.1601 	EXP 	fixation: autoDraw = True
167.1607 	EXP 	fixation: autoDraw = False
167.1777 	EXP 	grating: autoDraw = True
167.1777 	EXP 	grating: tex = 'sin'
167.4774 	EXP 	grating: autoDraw = False
167.5820 	EXP 	window1: recordFrameIntervals = False
167.5844 	DATA 	Keypress: left
167.5940 	EXP 	fixation: autoDraw = False
167.5940 	EXP 	grating: autoDraw = False
167.5943 	EXP 	window1: recordFrameIntervals = False
168.5738 	EXP 	fixation: autoDraw = True
169.5771 	EXP 	fixation: autoDraw = False
169.5938 	EXP 	grating: autoDraw = True
169.5938 	EXP 	grating: tex = 'sin'
169.8937 	EXP 	grating: autoDraw = False
169.9808 	EXP 	window1: recordFrameIntervals = False
169.9828 	DATA 	Keypress: right
169.9937 	EXP 	fixation: autoDraw = False
169.9937 	EXP 	grating: autoDraw = False
169.9940 	EXP 	window1: recordFrameIntervals = False
170.9734 	EXP 	fixation: autoDraw = True
171.9765 	EXP 	fixation: autoDraw = False
171.9936 	EXP 	grating: autoDraw = True
171.9936 	EXP 	grating: tex = 'sin'
172.2933 	EXP 	grating: autoDraw = False
172.3307 	EXP 	window1: recordFrameIntervals = False
172.3331 	DATA 	Keypress: left
172.3432 	EXP 	fixation: autoDraw = False
172.3432 	EXP 	grating: autoDraw = False
172.3436 	EXP 	window1: recordFrameIntervals = False
173.3236 	EXP 	fixation: autoDraw = True
174.3266 	EXP 	fixation: autoDraw = False
174.3434 	EXP 	grating: autoDraw = True
174.3434 	EXP 	grating: tex = 'sin'
174.6430 	EXP 	grating: autoDraw = False
174.7143 	EXP 	window1: recordFrameIntervals = False
174.7165 	DATA 	Keypress: right
174.7262 	EXP 	fixation: autoDraw = False
174.7262 	EXP 	grating: autoDraw = False
174.7267 	EXP 	window1: recordFrameIntervals = False
175.7093 	EXP 	fixation: autoDraw = True
176.7093 	EXP 	fixation: autoDraw = False
176.7265 	EXP 	grating: autoDraw = True
176.7265 	EXP 	grating: tex = 'sin'
177.0260 	EXP 	grating: autoDraw = False
177.1473 	EXP 	window1: recordFrameIntervals = False
177.1495 	DATA 	Keypress: right
177.1593 	EXP 	fixation: autoDraw = False
177.1593 	EXP 	grating: autoDraw = False
177.1597 	EXP 	window1: recordFrameIntervals = False
178.1406 	EXP 	fixation: autoDraw = True
179.1425 	EXP 	fixation: autoDraw = False
179.1593 	EXP 	grating: autoDraw = True
179.1593 	EXP 	grating: tex = 'sin'
179.4590 	EXP 	grating: autoDraw = False
179.5633 	EXP 	window1: recordFrameIntervals = False
179.5654 	DATA 	Keypress: right
179.5757 	EXP 	fixation: autoDraw = False
179.5757 	EXP 	grating: autoDraw = False
179.5762 	EXP 	window1: recordFrameIntervals = False
180.5579 	EXP 	fixation: autoDraw = True
181.5586 	EXP 	fixation: autoDraw = False
181.5759 	EXP 	grating: autoDraw = True
181.5759 	EXP 	grating: tex = 'sin'
181.8753 	EXP 	grating: autoDraw = False
181.9628 	EXP 	window1: recordFrameIntervals = False
181.9650 	DATA 	Keypress: left
181.9755 	EXP 	fixation: autoDraw = False
181.9755 	EXP 	grating: autoDraw = False
181.9760 	EXP 	window1: recordFrameIntervals = False
182.9556 	EXP 	fixation: autoDraw = True
183.9585 	EXP 	fixation: autoDraw = False
183.9754 	EXP 	grating: autoDraw = True
183.9754 	EXP 	grating: tex = 'sin'
184.2751 	EXP 	grating: autoDraw = False
184.4794 	EXP 	window1: recordFrameIntervals = False
184.4817 	DATA 	Keypress: left
184.4918 	EXP 	fixation: autoDraw = False
184.4918 	EXP 	grating: autoDraw = False
184.4922 	EXP 	window1: recordFrameIntervals = False
185.4763 	EXP 	fixation: autoDraw = True
186.4917 	EXP 	fixation: autoDraw = False
186.4917 	EXP 	grating: autoDraw = True
186.4917 	EXP 	grating: tex = 'sin'
186.7914 	EXP 	grating: autoDraw = False
187.1289 	EXP 	window1: recordFrameIntervals = False
187.1310 	DATA 	Keypress: left
187.1412 	EXP 	fixation: autoDraw = False
187.1412 	EXP 	grating: autoDraw = False
187.1422 	EXP 	window1: recordFrameIntervals = False
188.1204 	EXP 	fixation: autoDraw = True
189.1245 	EXP 	fixation: autoDraw = False
189.1414 	EXP 	grating: autoDraw = True
189.1414 	EXP 	grating: tex = 'sin'
189.4412 	EXP 	grating: autoDraw = False
189.5621 	EXP 	window1: recordFrameIntervals = False
189.5642 	DATA 	Keypress: left
189.5744 	EXP 	fixation: autoDraw = False
189.5744 	EXP 	grating: autoDraw = False
189.5748 	EXP 	window1: recordFrameIntervals = False
190.5572 	EXP 	fixation: autoDraw = True
191.5574 	EXP 	fixation: autoDraw = False
191.5743 	EXP 	grating: autoDraw = True
191.5743 	EXP 	grating: tex = 'sin'
191.8742 	EXP 	grating: autoDraw = False
192.1290 	DATA 	Keypress: right
192.1448 	EXP 	window1: recordFrameIntervals = False
192.1575 	EXP 	fixation: autoDraw = False
192.1575 	EXP 	grating: autoDraw = False
192.1579 	EXP 	window1: recordFrameIntervals = False
193.1368 	EXP 	fixation: autoDraw = True
194.1406 	EXP 	fixation: autoDraw = False
194.1574 	EXP 	grating: autoDraw = True
194.1574 	EXP 	grating: tex = 'sin'
194.4570 	EXP 	grating: autoDraw = False
194.6779 	EXP 	window1: recordFrameIntervals = False
194.6800 	DATA 	Keypress: left
194.6906 	EXP 	fixation: autoDraw = False
194.6906 	EXP 	grating: autoDraw = False
194.6909 	EXP 	window1: recordFrameIntervals = False
195.6736 	EXP 	fixation: autoDraw = True
196.6735 	EXP 	fixation: autoDraw = False
196.6905 	EXP 	grating: autoDraw = True
196.6905 	EXP 	grating: tex = 'sin'
196.9903 	EXP 	grating: autoDraw = False
197.1109 	EXP 	window1: recordFrameIntervals = False
197.1130 	DATA 	Keypress: left
197.1235 	EXP 	fixation: autoDraw = False
197.1235 	EXP 	grating: autoDraw = False
197.1238 	EXP 	window1: recordFrameIntervals = False
198.1038 	EXP 	fixation: autoDraw = True
199.1064 	EXP 	fixation: autoDraw = False
199.1239 	EXP 	grating: autoDraw = True
199.1239 	EXP 	grating: tex = 'sin'
199.4231 	EXP 	grating: autoDraw = False
199.4774 	EXP 	window1: recordFrameIntervals = False
199.4795 	DATA 	Keypress: left
199.4898 	EXP 	fixation: autoDraw = False
199.4898 	EXP 	grating: autoDraw = False
199.4902 	EXP 	window1: recordFrameIntervals = False
200.4711 	EXP 	fixation: autoDraw = True
201.4730 	EXP 	fixation: autoDraw = False
201.4898 	EXP 	grating: autoDraw = True
201.4898 	EXP 	grating: tex = 'sin'
201.7893 	EXP 	grating: autoDraw = False
201.9776 	EXP 	window1: recordFrameIntervals = False
201.9801 	DATA 	Keypress: right
201.9893 	EXP 	fixation: autoDraw = False
201.9893 	EXP 	grating: autoDraw = False
201.9897 	EXP 	window1: recordFrameIntervals = False
202.9704 	EXP 	fixation: autoDraw = True
203.9728 	EXP 	fixation: autoDraw = False
203.9895 	EXP 	grating: autoDraw = True
203.9895 	EXP 	grating: tex = 'sin'
204.2891 	EXP 	grating: autoDraw = False
204.3768 	EXP 	window1: recordFrameIntervals = False
204.3788 	DATA 	Keypress: left
204.3891 	EXP 	fixation: autoDraw = False
204.3891 	EXP 	grating: autoDraw = False
204.3895 	EXP 	window1: recordFrameIntervals = False
205.3698 	EXP 	fixation: autoDraw = True
206.3725 	EXP 	fixation: autoDraw = False
206.3891 	EXP 	grating: autoDraw = True
206.3891 	EXP 	grating: tex = 'sin'
206.6884 	EXP 	grating: autoDraw = False
206.8067 	EXP 	window1: recordFrameIntervals = False
206.8077 	DATA 	Keypress: right
206.8221 	EXP 	fixation: autoDraw = False
206.8221 	EXP 	grating: autoDraw = False
206.8223 	EXP 	window1: recordFrameIntervals = False
207.7985 	EXP 	fixation: autoDraw = True
208.8055 	EXP 	fixation: autoDraw = False
208.8055 	EXP 	grating: autoDraw = True
208.8055 	EXP 	grating: tex = 'sin'
209.1052 	EXP 	grating: autoDraw = False
209.2097 	EXP 	window1: recordFrameIntervals = False
209.2118 	DATA 	Keypress: right
209.2221 	EXP 	fixation: autoDraw = False
209.2221 	EXP 	grating: autoDraw = False
209.2224 	EXP 	window1: recordFrameIntervals = False
210.2021 	EXP 	fixation: autoDraw = True
211.2045 	EXP 	fixation: autoDraw = False
211.2214 	EXP 	grating: autoDraw = True
211.2214 	EXP 	grating: tex = 'sin'
211.5214 	EXP 	grating: autoDraw = False
211.7422 	EXP 	window1: recordFrameIntervals = False
211.7446 	DATA 	Keypress: left
211.7548 	EXP 	fixation: autoDraw = False
211.7548 	EXP 	grating: autoDraw = False
211.7553 	EXP 	window1: recordFrameIntervals = False
212.7357 	EXP 	fixation: autoDraw = True
213.7380 	EXP 	fixation: autoDraw = False
213.7551 	EXP 	grating: autoDraw = True
213.7551 	EXP 	grating: tex = 'sin'
214.0551 	EXP 	grating: autoDraw = False
214.1253 	EXP 	window1: recordFrameIntervals = False
214.1277 	DATA 	Keypress: right
214.1380 	EXP 	fixation: autoDraw = False
214.1380 	EXP 	grating: autoDraw = False
214.1384 	EXP 	window1: recordFrameIntervals = False
215.1184 	EXP 	fixation: autoDraw = True
216.1207 	EXP 	fixation: autoDraw = False
216.1379 	EXP 	grating: autoDraw = True
216.1379 	EXP 	grating: tex = 'sin'
216.4376 	EXP 	grating: autoDraw = False
216.5231 	EXP 	window1: recordFrameIntervals = False
216.5243 	DATA 	Keypress: right
216.5372 	EXP 	fixation: autoDraw = False
216.5372 	EXP 	grating: autoDraw = False
216.5375 	EXP 	window1: recordFrameIntervals = False
217.5167 	EXP 	fixation: autoDraw = True
218.5206 	EXP 	fixation: autoDraw = False
218.5376 	EXP 	grating: autoDraw = True
218.5376 	EXP 	grating: tex = 'sin'
218.8373 	EXP 	grating: autoDraw = False
218.9748 	EXP 	window1: recordFrameIntervals = False
218.9771 	DATA 	Keypress: left
218.9874 	EXP 	fixation: autoDraw = False
218.9874 	EXP 	grating: autoDraw = False
218.9881 	EXP 	window1: recordFrameIntervals = False
219.9707 	EXP 	fixation: autoDraw = True
220.9704 	EXP 	fixation: autoDraw = False
220.9873 	EXP 	grating: autoDraw = True
220.9873 	EXP 	grating: tex = 'sin'
221.2868 	EXP 	grating: autoDraw = False
221.4411 	EXP 	window1: recordFrameIntervals = False
221.4433 	DATA 	Keypress: right
221.4536 	EXP 	fixation: autoDraw = False
221.4536 	EXP 	grating: autoDraw = False
221.4540 	EXP 	window1: recordFrameIntervals = False
222.4370 	EXP 	fixation: autoDraw = True
223.4367 	EXP 	fixation: autoDraw = False
223.4536 	EXP 	grating: autoDraw = True
223.4536 	EXP 	grating: tex = 'sin'
223.7534 	EXP 	grating: autoDraw = False
223.9409 	EXP 	window1: recordFrameIntervals = False
223.9431 	DATA 	Keypress: right
223.9533 	EXP 	fixation: autoDraw = False
223.9533 	EXP 	grating: autoDraw = False
223.9539 	EXP 	window1: recordFrameIntervals = False
224.9335 	EXP 	fixation: autoDraw = True
225.9363 	EXP 	fixation: autoDraw = False
225.9534 	EXP 	grating: autoDraw = True
225.9534 	EXP 	grating: tex = 'sin'
226.2531 	EXP 	grating: autoDraw = False
226.5077 	DATA 	Keypress: right
226.5233 	EXP 	window1: recordFrameIntervals = False
226.5363 	EXP 	fixation: autoDraw = False
226.5363 	EXP 	grating: autoDraw = False
226.5367 	EXP 	window1: recordFrameIntervals = False
227.5179 	EXP 	fixation: autoDraw = True
228.5192 	EXP 	fixation: autoDraw = False
228.5363 	EXP 	grating: autoDraw = True
228.5363 	EXP 	grating: tex = 'sin'
228.8359 	EXP 	grating: autoDraw = False
229.1236 	EXP 	window1: recordFrameIntervals = False
229.1259 	DATA 	Keypress: left
229.1359 	EXP 	fixation: autoDraw = False
229.1359 	EXP 	grating: autoDraw = False
229.1363 	EXP 	window1: recordFrameIntervals = False
230.1195 	EXP 	fixation: autoDraw = True
231.1190 	EXP 	fixation: autoDraw = False
231.1360 	EXP 	grating: autoDraw = True
231.1360 	EXP 	grating: tex = 'sin'
231.4356 	EXP 	grating: autoDraw = False
231.6067 	EXP 	window1: recordFrameIntervals = False
231.6087 	DATA 	Keypress: left
231.6189 	EXP 	fixation: autoDraw = False
231.6189 	EXP 	grating: autoDraw = False
231.6193 	EXP 	window1: recordFrameIntervals = False
232.6010 	EXP 	fixation: autoDraw = True
233.6019 	EXP 	fixation: autoDraw = False
233.6187 	EXP 	grating: autoDraw = True
233.6187 	EXP 	grating: tex = 'sin'
233.9187 	EXP 	grating: autoDraw = False
234.0730 	EXP 	window1: recordFrameIntervals = False
234.0751 	DATA 	Keypress: left
234.0853 	EXP 	fixation: autoDraw = False
234.0853 	EXP 	grating: autoDraw = False
234.0856 	EXP 	window1: recordFrameIntervals = False
235.0660 	EXP 	fixation: autoDraw = True
236.0686 	EXP 	fixation: autoDraw = False
236.0852 	EXP 	grating: autoDraw = True
236.0852 	EXP 	grating: tex = 'sin'
236.3850 	EXP 	grating: autoDraw = False
236.5064 	EXP 	window1: recordFrameIntervals = False
236.5115 	DATA 	Keypress: left
236.5185 	EXP 	fixation: autoDraw = False
236.5185 	EXP 	grating: autoDraw = False
236.5189 	EXP 	window1: recordFrameIntervals = False
237.4995 	EXP 	fixation: autoDraw = True
238.5016 	EXP 	fixation: autoDraw = False
238.5183 	EXP 	grating: autoDraw = True
238.5183 	EXP 	grating: tex = 'sin'
238.8179 	EXP 	grating: autoDraw = False
238.8942 	EXP 	window1: recordFrameIntervals = False
238.8961 	DATA 	Keypress: left
238.9014 	EXP 	fixation: autoDraw = False
238.9014 	EXP 	grating: autoDraw = False
238.9017 	EXP 	window1: recordFrameIntervals = False
239.8865 	EXP 	fixation: autoDraw = True
240.9011 	EXP 	fixation: autoDraw = False
240.9011 	EXP 	grating: autoDraw = True
240.9011 	EXP 	grating: tex = 'sin'
241.2010 	EXP 	grating: autoDraw = False
241.3218 	EXP 	window1: recordFrameIntervals = False
241.3239 	DATA 	Keypress: right
241.3343 	EXP 	fixation: autoDraw = False
241.3343 	EXP 	grating: autoDraw = False
241.3348 	EXP 	window1: recordFrameIntervals = False
242.3158 	EXP 	fixation: autoDraw = True
243.3176 	EXP 	fixation: autoDraw = False
243.3346 	EXP 	grating: autoDraw = True
243.3346 	EXP 	grating: tex = 'sin'
243.6340 	EXP 	grating: autoDraw = False
243.6547 	EXP 	window1: recordFrameIntervals = False
243.6568 	DATA 	Keypress: right
243.6676 	EXP 	fixation: autoDraw = False
243.6676 	EXP 	grating: autoDraw = False
243.6680 	EXP 	window1: recordFrameIntervals = False
244.6470 	EXP 	fixation: autoDraw = True
245.6505 	EXP 	fixation: autoDraw = False
245.6693 	EXP 	grating: autoDraw = True
245.6693 	EXP 	grating: tex = 'sin'
245.9838 	EXP 	grating: autoDraw = False
246.0210 	EXP 	window1: recordFrameIntervals = False
246.0231 	DATA 	Keypress: right
246.0337 	EXP 	fixation: autoDraw = False
246.0337 	EXP 	grating: autoDraw = False
246.0341 	EXP 	window1: recordFrameIntervals = False
247.0154 	EXP 	fixation: autoDraw = True
248.0170 	EXP 	fixation: autoDraw = False
248.0337 	EXP 	grating: autoDraw = True
248.0337 	EXP 	grating: tex = 'sin'
248.3334 	EXP 	grating: autoDraw = False
248.5710 	EXP 	window1: recordFrameIntervals = False
248.5731 	DATA 	Keypress: left
248.5834 	EXP 	fixation: autoDraw = False
248.5834 	EXP 	grating: autoDraw = False
248.5837 	EXP 	window1: recordFrameIntervals = False
249.5648 	EXP 	fixation: autoDraw = True
250.5666 	EXP 	fixation: autoDraw = False
250.5836 	EXP 	grating: autoDraw = True
250.5836 	EXP 	grating: tex = 'sin'
250.8830 	EXP 	grating: autoDraw = False
250.9368 	EXP 	window1: recordFrameIntervals = False
250.9389 	DATA 	Keypress: right
250.9499 	EXP 	fixation: autoDraw = False
250.9499 	EXP 	grating: autoDraw = False
250.9503 	EXP 	window1: recordFrameIntervals = False
251.9303 	EXP 	fixation: autoDraw = True
252.9329 	EXP 	fixation: autoDraw = False
252.9497 	EXP 	grating: autoDraw = True
252.9497 	EXP 	grating: tex = 'sin'
253.2495 	EXP 	grating: autoDraw = False
253.3370 	EXP 	window1: recordFrameIntervals = False
253.3393 	DATA 	Keypress: left
253.3494 	EXP 	fixation: autoDraw = False
253.3494 	EXP 	grating: autoDraw = False
253.3498 	EXP 	window1: recordFrameIntervals = False
254.3308 	EXP 	fixation: autoDraw = True
255.3328 	EXP 	fixation: autoDraw = False
255.3493 	EXP 	grating: autoDraw = True
255.3493 	EXP 	grating: tex = 'sin'
255.6492 	EXP 	grating: autoDraw = False
255.9366 	EXP 	window1: recordFrameIntervals = False
255.9386 	DATA 	Keypress: left
255.9490 	EXP 	fixation: autoDraw = False
255.9490 	EXP 	grating: autoDraw = False
255.9494 	EXP 	window1: recordFrameIntervals = False
256.9289 	EXP 	fixation: autoDraw = True
257.9324 	EXP 	fixation: autoDraw = False
257.9492 	EXP 	grating: autoDraw = True
257.9492 	EXP 	grating: tex = 'sin'
258.2489 	EXP 	grating: autoDraw = False
258.3361 	DATA 	Keypress: left
258.3525 	EXP 	window1: recordFrameIntervals = False
258.3653 	EXP 	fixation: autoDraw = False
258.3653 	EXP 	grating: autoDraw = False
258.3657 	EXP 	window1: recordFrameIntervals = False
259.3453 	EXP 	fixation: autoDraw = True
260.3485 	EXP 	fixation: autoDraw = False
260.3656 	EXP 	grating: autoDraw = True
260.3656 	EXP 	grating: tex = 'sin'
260.6653 	EXP 	grating: autoDraw = False
260.7526 	EXP 	window1: recordFrameIntervals = False
260.7548 	DATA 	Keypress: right
260.7652 	EXP 	fixation: autoDraw = False
260.7652 	EXP 	grating: autoDraw = False
260.7656 	EXP 	window1: recordFrameIntervals = False
261.7452 	EXP 	fixation: autoDraw = True
262.7478 	EXP 	fixation: autoDraw = False
262.7650 	EXP 	grating: autoDraw = True
262.7650 	EXP 	grating: tex = 'sin'
263.0648 	EXP 	grating: autoDraw = False
263.2693 	EXP 	window1: recordFrameIntervals = False
263.2714 	DATA 	Keypress: left
263.2815 	EXP 	fixation: autoDraw = False
263.2815 	EXP 	grating: autoDraw = False
263.2820 	EXP 	window1: recordFrameIntervals = False
264.2621 	EXP 	fixation: autoDraw = True
265.2645 	EXP 	fixation: autoDraw = False
265.2812 	EXP 	grating: autoDraw = True
265.2812 	EXP 	grating: tex = 'sin'
265.5811 	EXP 	grating: autoDraw = False
265.6518 	DATA 	Keypress: left
265.6646 	EXP 	fixation: autoDraw = False
265.6646 	EXP 	grating: autoDraw = False
265.9754 	EXP 	window1: mouseVisible = True
